<?xml version="1.0" encoding="UTF-8"?>
<testng-results ignored="0" total="8" passed="7" failed="1" skipped="0">
  <reporter-output>
  </reporter-output>
  <suite started-at="2026-01-17T01:00:37 IST" name="Default suite" finished-at="2026-01-17T01:00:51 IST" duration-ms="13697">
    <groups>
    </groups>
    <test started-at="2026-01-17T01:00:37 IST" name="Default test" finished-at="2026-01-17T01:00:51 IST" duration-ms="13697">
      <class name="test.home_test">
        <test-method is-config="true" signature="chrome()[pri:0, instance:test.home_test@5e5d171f]" started-at="2026-01-17T01:00:37 IST" name="chrome" finished-at="2026-01-17T01:00:44 IST" duration-ms="6437" status="PASS">
          <reporter-output>
          </reporter-output>
        </test-method> <!-- chrome -->
        <test-method is-config="true" signature="objectcreation()[pri:0, instance:test.home_test@5e5d171f]" started-at="2026-01-17T01:00:44 IST" name="objectcreation" finished-at="2026-01-17T01:00:44 IST" duration-ms="55" status="PASS">
          <reporter-output>
          </reporter-output>
        </test-method> <!-- objectcreation -->
        <test-method signature="location()[pri:1, instance:test.home_test@5e5d171f]" started-at="2026-01-17T01:00:44 IST" name="location" finished-at="2026-01-17T01:00:44 IST" duration-ms="393" status="PASS">
          <reporter-output>
          </reporter-output>
        </test-method> <!-- location -->
        <test-method is-config="true" signature="objectcreation()[pri:0, instance:test.home_test@5e5d171f]" started-at="2026-01-17T01:00:44 IST" name="objectcreation" finished-at="2026-01-17T01:00:44 IST" duration-ms="2" status="PASS">
          <reporter-output>
          </reporter-output>
        </test-method> <!-- objectcreation -->
        <test-method signature="location_select()[pri:2, instance:test.home_test@5e5d171f]" started-at="2026-01-17T01:00:44 IST" name="location_select" finished-at="2026-01-17T01:00:46 IST" duration-ms="1455" status="PASS">
          <reporter-output>
          </reporter-output>
        </test-method> <!-- location_select -->
        <test-method is-config="true" signature="objectcreation()[pri:0, instance:test.home_test@5e5d171f]" started-at="2026-01-17T01:00:46 IST" name="objectcreation" finished-at="2026-01-17T01:00:46 IST" duration-ms="13" status="PASS">
          <reporter-output>
          </reporter-output>
        </test-method> <!-- objectcreation -->
        <test-method signature="currentlocation()[pri:3, instance:test.home_test@5e5d171f]" started-at="2026-01-17T01:00:46 IST" name="currentlocation" finished-at="2026-01-17T01:00:47 IST" duration-ms="684" status="PASS">
          <reporter-output>
          </reporter-output>
        </test-method> <!-- currentlocation -->
        <test-method signature="clicknext()[pri:4, instance:test.home_test@5e5d171f]" started-at="2026-01-17T01:00:47 IST" name="clicknext" finished-at="2026-01-17T01:00:48 IST" duration-ms="1133" status="PASS">
          <reporter-output>
          </reporter-output>
        </test-method> <!-- clicknext -->
        <test-method is-config="true" signature="objectcreation()[pri:0, instance:test.home_test@5e5d171f]" started-at="2026-01-17T01:00:47 IST" name="objectcreation" finished-at="2026-01-17T01:00:47 IST" duration-ms="0" status="PASS">
          <reporter-output>
          </reporter-output>
        </test-method> <!-- objectcreation -->
        <test-method is-config="true" signature="objectcreation()[pri:0, instance:test.home_test@5e5d171f]" started-at="2026-01-17T01:00:48 IST" name="objectcreation" finished-at="2026-01-17T01:00:48 IST" duration-ms="3" status="PASS">
          <reporter-output>
          </reporter-output>
        </test-method> <!-- objectcreation -->
        <test-method signature="startdate()[pri:5, instance:test.home_test@5e5d171f]" started-at="2026-01-17T01:00:48 IST" name="startdate" finished-at="2026-01-17T01:00:50 IST" duration-ms="2091" status="PASS">
          <reporter-output>
          </reporter-output>
        </test-method> <!-- startdate -->
        <test-method is-config="true" signature="objectcreation()[pri:0, instance:test.home_test@5e5d171f]" started-at="2026-01-17T01:00:50 IST" name="objectcreation" finished-at="2026-01-17T01:00:50 IST" duration-ms="2" status="PASS">
          <reporter-output>
          </reporter-output>
        </test-method> <!-- objectcreation -->
        <test-method signature="finaldate()[pri:6, instance:test.home_test@5e5d171f]" started-at="2026-01-17T01:00:50 IST" name="finaldate" finished-at="2026-01-17T01:00:50 IST" duration-ms="676" status="PASS">
          <reporter-output>
          </reporter-output>
        </test-method> <!-- finaldate -->
        <test-method is-config="true" signature="objectcreation()[pri:0, instance:test.home_test@5e5d171f]" started-at="2026-01-17T01:00:51 IST" name="objectcreation" finished-at="2026-01-17T01:00:51 IST" duration-ms="35" status="PASS">
          <reporter-output>
          </reporter-output>
        </test-method> <!-- objectcreation -->
        <test-method signature="done()[pri:7, instance:test.home_test@5e5d171f]" started-at="2026-01-17T01:00:51 IST" name="done" finished-at="2026-01-17T01:00:51 IST" duration-ms="184" status="PASS">
          <reporter-output>
          </reporter-output>
        </test-method> <!-- done -->
        <test-method signature="filter()[pri:8, instance:test.home_test@5e5d171f]" started-at="2026-01-17T01:00:51 IST" name="filter" finished-at="2026-01-17T01:00:51 IST" duration-ms="119" status="FAIL">
          <exception class="org.openqa.selenium.NoSuchElementException">
            <message>
              <![CDATA[no such element: Unable to locate element: {"method":"xpath","selector":"/html/body/div[1]/div[1]/main/section/div[2]/div/div[2]/div[1]/div[1]/div/div[2]/div[2]/button"}
  (Session info: chrome=143.0.7499.193)
For documentation on this error, please visit: https://www.selenium.dev/documentation/webdriver/troubleshooting/errors#no-such-element-exception
Build info: version: '4.35.0', revision: '1c58e5028b'
System info: os.name: 'Windows 11', os.arch: 'amd64', os.version: '10.0', java.version: '23.0.1'
Driver info: org.openqa.selenium.chrome.ChromeDriver
Command: [0192ae46303f7e3af2f53d69a433d30f, findElement {value=/html/body/div[1]/div[1]/main/section/div[2]/div/div[2]/div[1]/div[1]/div/div[2]/div[2]/button, using=xpath}]
Capabilities {acceptInsecureCerts: false, browserName: chrome, browserVersion: 143.0.7499.193, chrome: {chromedriverVersion: 143.0.7499.192 (be2c1f4fd45..., userDataDir: C:\Users\swath\AppData\Loca...}, fedcm:accounts: true, goog:chromeOptions: {debuggerAddress: localhost:63277}, goog:processID: 9240, networkConnectionEnabled: false, pageLoadStrategy: normal, platformName: windows, proxy: Proxy(), se:cdp: ws://localhost:63277/devtoo..., se:cdpVersion: 143.0.7499.193, setWindowRect: true, strictFileInteractability: false, timeouts: {implicit: 0, pageLoad: 300000, script: 30000}, unhandledPromptBehavior: dismiss and notify, webauthn:extension:credBlob: true, webauthn:extension:largeBlob: true, webauthn:extension:minPinLength: true, webauthn:extension:prf: true, webauthn:virtualAuthenticators: true}
Session ID: 0192ae46303f7e3af2f53d69a433d30f]]>
            </message>
            <full-stacktrace>
              <![CDATA[org.openqa.selenium.NoSuchElementException: no such element: Unable to locate element: {"method":"xpath","selector":"/html/body/div[1]/div[1]/main/section/div[2]/div/div[2]/div[1]/div[1]/div/div[2]/div[2]/button"}
  (Session info: chrome=143.0.7499.193)
For documentation on this error, please visit: https://www.selenium.dev/documentation/webdriver/troubleshooting/errors#no-such-element-exception
Build info: version: '4.35.0', revision: '1c58e5028b'
System info: os.name: 'Windows 11', os.arch: 'amd64', os.version: '10.0', java.version: '23.0.1'
Driver info: org.openqa.selenium.chrome.ChromeDriver
Command: [0192ae46303f7e3af2f53d69a433d30f, findElement {value=/html/body/div[1]/div[1]/main/section/div[2]/div/div[2]/div[1]/div[1]/div/div[2]/div[2]/button, using=xpath}]
Capabilities {acceptInsecureCerts: false, browserName: chrome, browserVersion: 143.0.7499.193, chrome: {chromedriverVersion: 143.0.7499.192 (be2c1f4fd45..., userDataDir: C:\Users\swath\AppData\Loca...}, fedcm:accounts: true, goog:chromeOptions: {debuggerAddress: localhost:63277}, goog:processID: 9240, networkConnectionEnabled: false, pageLoadStrategy: normal, platformName: windows, proxy: Proxy(), se:cdp: ws://localhost:63277/devtoo..., se:cdpVersion: 143.0.7499.193, setWindowRect: true, strictFileInteractability: false, timeouts: {implicit: 0, pageLoad: 300000, script: 30000}, unhandledPromptBehavior: dismiss and notify, webauthn:extension:credBlob: true, webauthn:extension:largeBlob: true, webauthn:extension:minPinLength: true, webauthn:extension:prf: true, webauthn:virtualAuthenticators: true}
Session ID: 0192ae46303f7e3af2f53d69a433d30f
at java.base/jdk.internal.reflect.DirectConstructorHandleAccessor.newInstance(DirectConstructorHandleAccessor.java:62)
at java.base/java.lang.reflect.Constructor.newInstanceWithCaller(Constructor.java:501)
at java.base/java.lang.reflect.Constructor.newInstance(Constructor.java:485)
at org.openqa.selenium.remote.ErrorCodec.decode(ErrorCodec.java:167)
at org.openqa.selenium.remote.codec.w3c.W3CHttpResponseCodec.decode(W3CHttpResponseCodec.java:138)
at org.openqa.selenium.remote.codec.w3c.W3CHttpResponseCodec.decode(W3CHttpResponseCodec.java:50)
at org.openqa.selenium.remote.HttpCommandExecutor.execute(HttpCommandExecutor.java:215)
at org.openqa.selenium.remote.service.DriverCommandExecutor.invokeExecute(DriverCommandExecutor.java:216)
at org.openqa.selenium.remote.service.DriverCommandExecutor.execute(DriverCommandExecutor.java:174)
at org.openqa.selenium.remote.RemoteWebDriver.execute(RemoteWebDriver.java:557)
at org.openqa.selenium.remote.ElementLocation$ElementFinder$2.findElement(ElementLocation.java:165)
at org.openqa.selenium.remote.ElementLocation.findElement(ElementLocation.java:59)
at org.openqa.selenium.remote.RemoteWebDriver.findElement(RemoteWebDriver.java:380)
at org.openqa.selenium.remote.RemoteWebDriver.findElement(RemoteWebDriver.java:374)
at org.openqa.selenium.support.pagefactory.DefaultElementLocator.findElement(DefaultElementLocator.java:68)
at org.openqa.selenium.support.pagefactory.internal.LocatingElementHandler.invoke(LocatingElementHandler.java:38)
at jdk.proxy2/jdk.proxy2.$Proxy12.click(Unknown Source)
at page.home_page.clickbooknow(home_page.java:101)
at test.home_test.filter(home_test.java:53)
at java.base/jdk.internal.reflect.DirectMethodHandleAccessor.invoke(DirectMethodHandleAccessor.java:103)
at java.base/java.lang.reflect.Method.invoke(Method.java:580)
at org.testng.internal.invokers.MethodInvocationHelper.invokeMethod(MethodInvocationHelper.java:141)
at org.testng.internal.invokers.TestInvoker.invokeMethod(TestInvoker.java:687)
at org.testng.internal.invokers.TestInvoker.invokeTestMethod(TestInvoker.java:230)
at org.testng.internal.invokers.MethodRunner.runInSequence(MethodRunner.java:63)
at org.testng.internal.invokers.TestInvoker$MethodInvocationAgent.invoke(TestInvoker.java:995)
at org.testng.internal.invokers.TestInvoker.invokeTestMethods(TestInvoker.java:203)
at org.testng.internal.invokers.TestMethodWorker.invokeTestMethods(TestMethodWorker.java:154)
at org.testng.internal.invokers.TestMethodWorker.run(TestMethodWorker.java:134)
at java.base/java.util.ArrayList.forEach(ArrayList.java:1597)
at org.testng.TestRunner.privateRun(TestRunner.java:741)
at org.testng.TestRunner.run(TestRunner.java:616)
at org.testng.SuiteRunner.runTest(SuiteRunner.java:421)
at org.testng.SuiteRunner.runSequentially(SuiteRunner.java:413)
at org.testng.SuiteRunner.privateRun(SuiteRunner.java:373)
at org.testng.SuiteRunner.run(SuiteRunner.java:312)
at org.testng.SuiteRunnerWorker.runSuite(SuiteRunnerWorker.java:52)
at org.testng.SuiteRunnerWorker.run(SuiteRunnerWorker.java:95)
at org.testng.TestNG.runSuitesSequentially(TestNG.java:1274)
at org.testng.TestNG.runSuitesLocally(TestNG.java:1208)
at org.testng.TestNG.runSuites(TestNG.java:1112)
at org.testng.TestNG.run(TestNG.java:1079)
at org.testng.remote.AbstractRemoteTestNG.run(AbstractRemoteTestNG.java:115)
at org.testng.remote.RemoteTestNG.initAndRun(RemoteTestNG.java:293)
at org.testng.remote.RemoteTestNG.main(RemoteTestNG.java:91)
]]>
            </full-stacktrace>
          </exception> <!-- org.openqa.selenium.NoSuchElementException -->
          <reporter-output>
          </reporter-output>
        </test-method> <!-- filter -->
        <test-method is-config="true" signature="objectcreation()[pri:0, instance:test.home_test@5e5d171f]" started-at="2026-01-17T01:00:51 IST" name="objectcreation" finished-at="2026-01-17T01:00:51 IST" duration-ms="0" status="PASS">
          <reporter-output>
          </reporter-output>
        </test-method> <!-- objectcreation -->
      </class> <!-- test.home_test -->
    </test> <!-- Default test -->
  </suite> <!-- Default suite -->
</testng-results>
